2025-12-28 16:14:49 [restartedMain] INFO  com.gzist.project.SpringbootApplication - Starting SpringbootApplication using Java 17.0.10 on DESKTOP-V75S94V with PID 16632 (D:\作业\高级架构技术\期末大作业\springboot\target\classes started by Ming in D:\作业\高级架构技术\期末大作业\springboot)
2025-12-28 16:14:49 [restartedMain] DEBUG com.gzist.project.SpringbootApplication - Running with Spring Boot v2.7.6, Spring v5.3.24
2025-12-28 16:14:49 [restartedMain] INFO  com.gzist.project.SpringbootApplication - No active profile set, falling back to 1 default profile: "default"
2025-12-28 16:14:49 [restartedMain] INFO  o.s.b.d.env.DevToolsPropertyDefaultsPostProcessor - Devtools property defaults active! Set 'spring.devtools.add-properties' to 'false' to disable
2025-12-28 16:14:49 [restartedMain] INFO  o.s.b.d.env.DevToolsPropertyDefaultsPostProcessor - For additional web related logging consider setting the 'logging.level.web' property to 'DEBUG'
2025-12-28 16:14:50 [restartedMain] INFO  o.s.d.r.config.RepositoryConfigurationDelegate - Multiple Spring Data modules found, entering strict repository configuration mode
2025-12-28 16:14:50 [restartedMain] INFO  o.s.d.r.config.RepositoryConfigurationDelegate - Bootstrapping Spring Data Redis repositories in DEFAULT mode.
2025-12-28 16:14:50 [restartedMain] INFO  o.s.d.r.config.RepositoryConfigurationDelegate - Finished Spring Data repository scanning in 12 ms. Found 0 Redis repository interfaces.
2025-12-28 16:14:51 [restartedMain] INFO  o.s.boot.web.embedded.tomcat.TomcatWebServer - Tomcat initialized with port(s): 8080 (http)
2025-12-28 16:14:51 [restartedMain] INFO  org.apache.catalina.core.StandardService - Starting service [Tomcat]
2025-12-28 16:14:51 [restartedMain] INFO  org.apache.catalina.core.StandardEngine - Starting Servlet engine: [Apache Tomcat/9.0.69]
2025-12-28 16:14:51 [restartedMain] INFO  o.a.c.core.ContainerBase.[Tomcat].[localhost].[/] - Initializing Spring embedded WebApplicationContext
2025-12-28 16:14:51 [restartedMain] INFO  o.s.b.w.s.c.ServletWebServerApplicationContext - Root WebApplicationContext: initialization completed in 2337 ms
2025-12-28 16:14:52 [restartedMain] INFO  c.a.d.s.b.a.DruidDataSourceAutoConfigure - Init DruidDataSource
2025-12-28 16:14:52 [restartedMain] INFO  com.alibaba.druid.pool.DruidDataSource - {dataSource-1} inited
2025-12-28 16:14:54 [restartedMain] INFO  o.s.security.web.DefaultSecurityFilterChain - Will secure any request with [org.springframework.security.web.session.DisableEncodeUrlFilter@60fd4477, org.springframework.security.web.context.request.async.WebAsyncManagerIntegrationFilter@1ea46d2e, org.springframework.security.web.context.SecurityContextPersistenceFilter@5bc28f1d, org.springframework.security.web.header.HeaderWriterFilter@62f791c6, org.springframework.security.web.csrf.CsrfFilter@b53970a, org.springframework.security.web.authentication.logout.LogoutFilter@6b0b8274, org.springframework.security.web.authentication.UsernamePasswordAuthenticationFilter@41b2af35, org.springframework.security.web.session.ConcurrentSessionFilter@348a7295, org.springframework.security.web.savedrequest.RequestCacheAwareFilter@4987e5c3, org.springframework.security.web.servletapi.SecurityContextHolderAwareRequestFilter@775f3215, org.springframework.security.web.authentication.rememberme.RememberMeAuthenticationFilter@67b1a51f, org.springframework.security.web.authentication.AnonymousAuthenticationFilter@4adab41a, org.springframework.security.web.session.SessionManagementFilter@3271cf54, org.springframework.security.web.access.ExceptionTranslationFilter@7b78c7b3, org.springframework.security.web.access.intercept.FilterSecurityInterceptor@293642dd]
2025-12-28 16:14:54 [restartedMain] INFO  o.s.b.d.autoconfigure.OptionalLiveReloadServer - LiveReload server is running on port 35729
2025-12-28 16:14:54 [restartedMain] INFO  o.s.boot.web.embedded.tomcat.TomcatWebServer - Tomcat started on port(s): 8080 (http) with context path ''
2025-12-28 16:14:54 [restartedMain] INFO  com.gzist.project.SpringbootApplication - Started SpringbootApplication in 5.787 seconds (JVM running for 7.376)
2025-12-28 16:15:14 [http-nio-8080-exec-1] INFO  o.a.c.core.ContainerBase.[Tomcat].[localhost].[/] - Initializing Spring DispatcherServlet 'dispatcherServlet'
2025-12-28 16:15:14 [http-nio-8080-exec-1] INFO  org.springframework.web.servlet.DispatcherServlet - Initializing Servlet 'dispatcherServlet'
2025-12-28 16:15:14 [http-nio-8080-exec-1] INFO  org.springframework.web.servlet.DispatcherServlet - Completed initialization in 1 ms
2025-12-28 16:15:15 [http-nio-8080-exec-4] INFO  com.gzist.project.aspect.OperationLogAspect - 操作日志 - 用户: anonymousUser, 操作: 登录, 方法: com.gzist.project.controller.AuthController.loginPage, IP: 0:0:0:0:0:0:0:1
2025-12-28 16:15:15 [http-nio-8080-exec-7] INFO  com.gzist.project.aspect.OperationLogAspect - 操作日志 - 用户: anonymousUser, 操作: 登录, 方法: com.gzist.project.controller.AuthController.loginPage, IP: 0:0:0:0:0:0:0:1
